<?xml version="1.0" encoding="UTF-8" standalone="no"?>
<!DOCTYPE log SYSTEM "logger.dtd">
<log>
<record>
  <date>2023-05-19T19:04:03.403-0300</date>
  <logger>DHOUGLAS BANDEIRA NOBREGA</logger>
  <level>FINE</level>
  <message>File 121210114-DHOUGLAS BANDEIRA NOBREGA.zip was received. It was sent by DHOUGLAS BANDEIRA NOBREGA from IP 192.168.1.7 at 19-05-2023 19*04*03</message>
</record>
</log>
<?xml version="1.0" encoding="UTF-8" standalone="no"?>
<!DOCTYPE log SYSTEM "logger.dtd">
<log>
<record>
  <date>2023-05-22T21:35:32.429-0300</date>
  <logger>DHOUGLAS BANDEIRA NOBREGA</logger>
  <level>FINE</level>
  <message>File 121210114-DHOUGLAS BANDEIRA NOBREGA.zip was received. It was sent by DHOUGLAS BANDEIRA NOBREGA from IP 192.168.1.12 at 22-05-2023 21*35*32</message>
</record>
</log>
<?xml version="1.0" encoding="UTF-8" standalone="no"?>
<!DOCTYPE log SYSTEM "logger.dtd">
<log>
<record>
  <date>2023-05-22T21:38:32.011-0300</date>
  <logger>DHOUGLAS BANDEIRA NOBREGA</logger>
  <level>FINE</level>
  <message>File 121210114-DHOUGLAS BANDEIRA NOBREGA.zip was received. It was sent by DHOUGLAS BANDEIRA NOBREGA from IP 192.168.1.12 at 22-05-2023 21*38*31</message>
</record>
